2023-02-04 21:11:59,137 - mmcls - INFO - Environment info:
------------------------------------------------------------
sys.platform: win32
Python: 3.8.16 | packaged by conda-forge | (default, Feb  1 2023, 15:53:35) [MSC v.1929 64 bit (AMD64)]
CUDA available: True
GPU 0: NVIDIA GeForce RTX 3050 Ti Laptop GPU
CUDA_HOME: C:\Program Files\NVIDIA GPU Computing Toolkit\CUDA\v11.1
NVCC: Cuda compilation tools, release 11.1, V11.1.105
MSVC: 用于 x64 的 Microsoft (R) C/C++ 优化编译器 19.29.30147 版
GCC: n/a
PyTorch: 1.8.0
PyTorch compiling details: PyTorch built with:
  - C++ Version: 199711
  - MSVC 192829337
  - Intel(R) Math Kernel Library Version 2020.0.0 Product Build 20191125 for Intel(R) 64 architecture applications
  - Intel(R) MKL-DNN v1.7.0 (Git Hash 7aed236906b1f7a05c0917e5257a1af05e9ff683)
  - OpenMP 2019
  - CPU capability usage: AVX2
  - CUDA Runtime 11.1
  - NVCC architecture flags: -gencode;arch=compute_37,code=sm_37;-gencode;arch=compute_50,code=sm_50;-gencode;arch=compute_60,code=sm_60;-gencode;arch=compute_61,code=sm_61;-gencode;arch=compute_70,code=sm_70;-gencode;arch=compute_75,code=sm_75;-gencode;arch=compute_80,code=sm_80;-gencode;arch=compute_86,code=sm_86;-gencode;arch=compute_37,code=compute_37
  - CuDNN 8.0.5
  - Magma 2.5.4
  - Build settings: BLAS_INFO=mkl, BUILD_TYPE=Release, CUDA_VERSION=11.1, CUDNN_VERSION=8.0.5, CXX_COMPILER=C:/cb/pytorch_1000000000000/work/tmp_bin/sccache-cl.exe, CXX_FLAGS=/DWIN32 /D_WINDOWS /GR /EHsc /w /bigobj -DUSE_PTHREADPOOL -openmp:experimental -DNDEBUG -DUSE_FBGEMM -DUSE_XNNPACK, LAPACK_INFO=mkl, PERF_WITH_AVX=1, PERF_WITH_AVX2=1, PERF_WITH_AVX512=1, TORCH_VERSION=1.8.0, USE_CUDA=ON, USE_CUDNN=ON, USE_EXCEPTION_PTR=1, USE_GFLAGS=OFF, USE_GLOG=OFF, USE_MKL=ON, USE_MKLDNN=ON, USE_MPI=OFF, USE_NCCL=OFF, USE_NNPACK=OFF, USE_OPENMP=ON, 

TorchVision: 0.9.0
OpenCV: 4.7.0
MMCV: 1.7.1
MMCV Compiler: MSVC 192829924
MMCV CUDA Compiler: 11.1
MMClassification: 0.25.0+3d4f80d
------------------------------------------------------------

2023-02-04 21:11:59,139 - mmcls - INFO - Distributed training: False
2023-02-04 21:11:59,518 - mmcls - INFO - Config:
model = dict(
    type='ImageClassifier',
    backbone=dict(
        type='ResNet',
        depth=18,
        num_stages=4,
        out_indices=(3, ),
        style='pytorch'),
    neck=dict(type='GlobalAveragePooling'),
    head=dict(
        type='LinearClsHead',
        num_classes=5,
        in_channels=512,
        loss=dict(type='CrossEntropyLoss', loss_weight=1.0),
        topk=(1, )))
dataset_type = 'ImageNet'
img_norm_cfg = dict(
    mean=[123.675, 116.28, 103.53], std=[58.395, 57.12, 57.375], to_rgb=True)
train_pipeline = [
    dict(type='LoadImageFromFile'),
    dict(type='RandomResizedCrop', size=224),
    dict(type='RandomFlip', flip_prob=0.5, direction='horizontal'),
    dict(
        type='Normalize',
        mean=[123.675, 116.28, 103.53],
        std=[58.395, 57.12, 57.375],
        to_rgb=True),
    dict(type='ImageToTensor', keys=['img']),
    dict(type='ToTensor', keys=['gt_label']),
    dict(type='Collect', keys=['img', 'gt_label'])
]
test_pipeline = [
    dict(type='LoadImageFromFile'),
    dict(type='Resize', size=(256, -1)),
    dict(type='CenterCrop', crop_size=224),
    dict(
        type='Normalize',
        mean=[123.675, 116.28, 103.53],
        std=[58.395, 57.12, 57.375],
        to_rgb=True),
    dict(type='ImageToTensor', keys=['img']),
    dict(type='Collect', keys=['img'])
]
data = dict(
    samples_per_gpu=32,
    workers_per_gpu=2,
    train=dict(
        type='ImageNet',
        data_prefix=
        '/Users/27963/mmclassification/checkpoints/data/flower/train',
        pipeline=[
            dict(type='LoadImageFromFile'),
            dict(type='RandomResizedCrop', size=224),
            dict(type='RandomFlip', flip_prob=0.5, direction='horizontal'),
            dict(
                type='Normalize',
                mean=[123.675, 116.28, 103.53],
                std=[58.395, 57.12, 57.375],
                to_rgb=True),
            dict(type='ImageToTensor', keys=['img']),
            dict(type='ToTensor', keys=['gt_label']),
            dict(type='Collect', keys=['img', 'gt_label'])
        ],
        ann_file=
        '/Users/27963/mmclassification/checkpoints/data/flower/train.txt',
        classes=
        '/Users/27963/mmclassification/checkpoints/data/flower/classes.txt'),
    val=dict(
        type='ImageNet',
        data_prefix='/Users/27963/mmclassification/checkpoints/data/flower/val',
        ann_file=
        '/Users/27963/mmclassification/checkpoints/data/flower/val.txt',
        pipeline=[
            dict(type='LoadImageFromFile'),
            dict(type='Resize', size=(256, -1)),
            dict(type='CenterCrop', crop_size=224),
            dict(
                type='Normalize',
                mean=[123.675, 116.28, 103.53],
                std=[58.395, 57.12, 57.375],
                to_rgb=True),
            dict(type='ImageToTensor', keys=['img']),
            dict(type='Collect', keys=['img'])
        ],
        classes=
        '/Users/27963/mmclassification/checkpoints/data/flower/classes.txt'),
    test=dict(
        type='ImageNet',
        data_prefix='data/imagenet/val',
        ann_file='data/imagenet/meta/val.txt',
        pipeline=[
            dict(type='LoadImageFromFile'),
            dict(type='Resize', size=(256, -1)),
            dict(type='CenterCrop', crop_size=224),
            dict(
                type='Normalize',
                mean=[123.675, 116.28, 103.53],
                std=[58.395, 57.12, 57.375],
                to_rgb=True),
            dict(type='ImageToTensor', keys=['img']),
            dict(type='Collect', keys=['img'])
        ]))
evaluation = dict(interval=1, metric='accuracy')
checkpoint_config = dict(interval=1)
log_config = dict(interval=100, hooks=[dict(type='TextLoggerHook')])
dist_params = dict(backend='nccl')
log_level = 'INFO'
load_from = '/Users/27963/mmclassification/checkpoints/flower.pth'
resume_from = None
workflow = [('train', 1)]
optimizer = dict(type='SGD', lr=0.001, momentum=0.9, weight_decay=0.0001)
optimizer_config = dict(grad_clip=None)
lr_config = dict(policy='step', step=[1])
runner = dict(type='EpochBasedRunner', max_epochs=100)
work_dir = 'work_dirs/resnet18_b32_flower.py'
gpu_ids = [0]

2023-02-04 21:11:59,520 - mmcls - INFO - Set random seed to 1944256184, deterministic: False
2023-02-04 21:12:00,929 - mmcls - INFO - load checkpoint from local path: /Users/27963/mmclassification/checkpoints/flower.pth
2023-02-04 21:12:00,976 - mmcls - INFO - Start running, host: 27963@Yang, work_dir: C:\Users\27963\mmclassification\checkpoints\configs\work_dirs\resnet18_b32_flower.py
2023-02-04 21:12:00,976 - mmcls - INFO - Hooks will be executed in the following order:
before_run:
(VERY_HIGH   ) StepLrUpdaterHook                  
(NORMAL      ) CheckpointHook                     
(LOW         ) EvalHook                           
(VERY_LOW    ) TextLoggerHook                     
 -------------------- 
before_train_epoch:
(VERY_HIGH   ) StepLrUpdaterHook                  
(LOW         ) IterTimerHook                      
(LOW         ) EvalHook                           
(VERY_LOW    ) TextLoggerHook                     
 -------------------- 
before_train_iter:
(VERY_HIGH   ) StepLrUpdaterHook                  
(LOW         ) IterTimerHook                      
(LOW         ) EvalHook                           
 -------------------- 
after_train_iter:
(ABOVE_NORMAL) OptimizerHook                      
(NORMAL      ) CheckpointHook                     
(LOW         ) IterTimerHook                      
(LOW         ) EvalHook                           
(VERY_LOW    ) TextLoggerHook                     
 -------------------- 
after_train_epoch:
(NORMAL      ) CheckpointHook                     
(LOW         ) EvalHook                           
(VERY_LOW    ) TextLoggerHook                     
 -------------------- 
before_val_epoch:
(LOW         ) IterTimerHook                      
(VERY_LOW    ) TextLoggerHook                     
 -------------------- 
before_val_iter:
(LOW         ) IterTimerHook                      
 -------------------- 
after_val_iter:
(LOW         ) IterTimerHook                      
 -------------------- 
after_val_epoch:
(VERY_LOW    ) TextLoggerHook                     
 -------------------- 
after_run:
(VERY_LOW    ) TextLoggerHook                     
 -------------------- 
2023-02-04 21:12:00,977 - mmcls - INFO - workflow: [('train', 1)], max: 100 epochs
2023-02-04 21:12:00,978 - mmcls - INFO - Checkpoints will be saved to C:\Users\27963\mmclassification\checkpoints\configs\work_dirs\resnet18_b32_flower.py by HardDiskBackend.
2023-02-04 21:12:16,483 - mmcls - INFO - Saving checkpoint at 1 epochs
2023-02-04 21:12:21,282 - mmcls - INFO - Epoch(val) [1][18]	accuracy_top-1: 93.1818, accuracy_top-5: 100.0000
2023-02-04 21:12:31,093 - mmcls - INFO - Saving checkpoint at 2 epochs
2023-02-04 21:12:32,255 - mmcls - INFO - Epoch(val) [2][18]	accuracy_top-1: 94.9301, accuracy_top-5: 100.0000
2023-02-04 21:12:41,964 - mmcls - INFO - Saving checkpoint at 3 epochs
2023-02-04 21:12:43,044 - mmcls - INFO - Epoch(val) [3][18]	accuracy_top-1: 95.1049, accuracy_top-5: 100.0000
2023-02-04 21:12:52,799 - mmcls - INFO - Saving checkpoint at 4 epochs
2023-02-04 21:12:54,040 - mmcls - INFO - Epoch(val) [4][18]	accuracy_top-1: 94.7552, accuracy_top-5: 100.0000
2023-02-04 21:13:03,829 - mmcls - INFO - Saving checkpoint at 5 epochs
2023-02-04 21:13:05,012 - mmcls - INFO - Epoch(val) [5][18]	accuracy_top-1: 95.1049, accuracy_top-5: 100.0000
2023-02-04 21:13:14,828 - mmcls - INFO - Saving checkpoint at 6 epochs
2023-02-04 21:13:16,207 - mmcls - INFO - Epoch(val) [6][18]	accuracy_top-1: 95.2797, accuracy_top-5: 100.0000
2023-02-04 21:13:25,922 - mmcls - INFO - Saving checkpoint at 7 epochs
2023-02-04 21:13:27,094 - mmcls - INFO - Epoch(val) [7][18]	accuracy_top-1: 95.4545, accuracy_top-5: 100.0000
2023-02-04 21:13:36,974 - mmcls - INFO - Saving checkpoint at 8 epochs
2023-02-04 21:13:38,341 - mmcls - INFO - Epoch(val) [8][18]	accuracy_top-1: 95.8042, accuracy_top-5: 100.0000
2023-02-04 21:13:48,144 - mmcls - INFO - Saving checkpoint at 9 epochs
2023-02-04 21:13:49,361 - mmcls - INFO - Epoch(val) [9][18]	accuracy_top-1: 95.6294, accuracy_top-5: 100.0000
2023-02-04 21:13:59,208 - mmcls - INFO - Saving checkpoint at 10 epochs
2023-02-04 21:14:00,338 - mmcls - INFO - Epoch(val) [10][18]	accuracy_top-1: 95.8042, accuracy_top-5: 100.0000
2023-02-04 21:14:10,103 - mmcls - INFO - Saving checkpoint at 11 epochs
2023-02-04 21:14:11,416 - mmcls - INFO - Epoch(val) [11][18]	accuracy_top-1: 95.4545, accuracy_top-5: 100.0000
2023-02-04 21:14:21,257 - mmcls - INFO - Saving checkpoint at 12 epochs
2023-02-04 21:14:22,631 - mmcls - INFO - Epoch(val) [12][18]	accuracy_top-1: 95.8042, accuracy_top-5: 100.0000
2023-02-04 21:14:32,491 - mmcls - INFO - Saving checkpoint at 13 epochs
2023-02-04 21:14:33,690 - mmcls - INFO - Epoch(val) [13][18]	accuracy_top-1: 95.2797, accuracy_top-5: 100.0000
2023-02-04 21:14:43,584 - mmcls - INFO - Saving checkpoint at 14 epochs
2023-02-04 21:14:44,861 - mmcls - INFO - Epoch(val) [14][18]	accuracy_top-1: 96.3287, accuracy_top-5: 100.0000
2023-02-04 21:14:54,637 - mmcls - INFO - Saving checkpoint at 15 epochs
2023-02-04 21:14:55,853 - mmcls - INFO - Epoch(val) [15][18]	accuracy_top-1: 95.8042, accuracy_top-5: 100.0000
2023-02-04 21:15:05,690 - mmcls - INFO - Saving checkpoint at 16 epochs
2023-02-04 21:15:06,893 - mmcls - INFO - Epoch(val) [16][18]	accuracy_top-1: 95.8042, accuracy_top-5: 100.0000
2023-02-04 21:15:16,740 - mmcls - INFO - Saving checkpoint at 17 epochs
2023-02-04 21:15:17,833 - mmcls - INFO - Epoch(val) [17][18]	accuracy_top-1: 96.3287, accuracy_top-5: 100.0000
2023-02-04 21:15:27,630 - mmcls - INFO - Saving checkpoint at 18 epochs
2023-02-04 21:15:28,788 - mmcls - INFO - Epoch(val) [18][18]	accuracy_top-1: 95.8042, accuracy_top-5: 100.0000
2023-02-04 21:15:38,623 - mmcls - INFO - Saving checkpoint at 19 epochs
2023-02-04 21:15:39,845 - mmcls - INFO - Epoch(val) [19][18]	accuracy_top-1: 96.5035, accuracy_top-5: 100.0000
2023-02-04 21:15:49,657 - mmcls - INFO - Saving checkpoint at 20 epochs
2023-02-04 21:15:50,784 - mmcls - INFO - Epoch(val) [20][18]	accuracy_top-1: 96.6783, accuracy_top-5: 100.0000
2023-02-04 21:16:00,491 - mmcls - INFO - Saving checkpoint at 21 epochs
2023-02-04 21:16:01,760 - mmcls - INFO - Epoch(val) [21][18]	accuracy_top-1: 96.6783, accuracy_top-5: 100.0000
2023-02-04 21:16:11,501 - mmcls - INFO - Saving checkpoint at 22 epochs
2023-02-04 21:16:12,771 - mmcls - INFO - Epoch(val) [22][18]	accuracy_top-1: 96.6783, accuracy_top-5: 100.0000
2023-02-04 21:16:22,601 - mmcls - INFO - Saving checkpoint at 23 epochs
2023-02-04 21:16:23,846 - mmcls - INFO - Epoch(val) [23][18]	accuracy_top-1: 96.3287, accuracy_top-5: 100.0000
2023-02-04 21:16:33,764 - mmcls - INFO - Saving checkpoint at 24 epochs
2023-02-04 21:16:35,490 - mmcls - INFO - Epoch(val) [24][18]	accuracy_top-1: 96.6783, accuracy_top-5: 100.0000
2023-02-04 21:16:45,404 - mmcls - INFO - Saving checkpoint at 25 epochs
2023-02-04 21:16:47,076 - mmcls - INFO - Epoch(val) [25][18]	accuracy_top-1: 96.3287, accuracy_top-5: 100.0000
2023-02-04 21:16:57,010 - mmcls - INFO - Saving checkpoint at 26 epochs
2023-02-04 21:16:58,781 - mmcls - INFO - Epoch(val) [26][18]	accuracy_top-1: 96.6783, accuracy_top-5: 100.0000
2023-02-04 21:17:08,689 - mmcls - INFO - Saving checkpoint at 27 epochs
2023-02-04 21:17:10,293 - mmcls - INFO - Epoch(val) [27][18]	accuracy_top-1: 96.6783, accuracy_top-5: 100.0000
2023-02-04 21:17:20,085 - mmcls - INFO - Saving checkpoint at 28 epochs
2023-02-04 21:17:21,785 - mmcls - INFO - Epoch(val) [28][18]	accuracy_top-1: 97.0280, accuracy_top-5: 100.0000
2023-02-04 21:17:31,589 - mmcls - INFO - Saving checkpoint at 29 epochs
2023-02-04 21:17:33,163 - mmcls - INFO - Epoch(val) [29][18]	accuracy_top-1: 96.8531, accuracy_top-5: 100.0000
2023-02-04 21:17:42,962 - mmcls - INFO - Saving checkpoint at 30 epochs
2023-02-04 21:17:44,187 - mmcls - INFO - Epoch(val) [30][18]	accuracy_top-1: 96.8531, accuracy_top-5: 100.0000
2023-02-04 21:17:54,008 - mmcls - INFO - Saving checkpoint at 31 epochs
2023-02-04 21:17:55,191 - mmcls - INFO - Epoch(val) [31][18]	accuracy_top-1: 96.6783, accuracy_top-5: 100.0000
2023-02-04 21:18:04,984 - mmcls - INFO - Saving checkpoint at 32 epochs
2023-02-04 21:18:06,164 - mmcls - INFO - Epoch(val) [32][18]	accuracy_top-1: 96.8531, accuracy_top-5: 100.0000
2023-02-04 21:18:15,996 - mmcls - INFO - Saving checkpoint at 33 epochs
2023-02-04 21:18:17,434 - mmcls - INFO - Epoch(val) [33][18]	accuracy_top-1: 97.2028, accuracy_top-5: 100.0000
2023-02-04 21:18:27,303 - mmcls - INFO - Saving checkpoint at 34 epochs
2023-02-04 21:18:28,541 - mmcls - INFO - Epoch(val) [34][18]	accuracy_top-1: 97.0280, accuracy_top-5: 100.0000
2023-02-04 21:18:38,404 - mmcls - INFO - Saving checkpoint at 35 epochs
2023-02-04 21:18:39,754 - mmcls - INFO - Epoch(val) [35][18]	accuracy_top-1: 97.2028, accuracy_top-5: 100.0000
2023-02-04 21:18:49,598 - mmcls - INFO - Saving checkpoint at 36 epochs
2023-02-04 21:18:50,855 - mmcls - INFO - Epoch(val) [36][18]	accuracy_top-1: 96.5035, accuracy_top-5: 100.0000
2023-02-04 21:19:00,709 - mmcls - INFO - Saving checkpoint at 37 epochs
2023-02-04 21:19:01,949 - mmcls - INFO - Epoch(val) [37][18]	accuracy_top-1: 97.0280, accuracy_top-5: 100.0000
2023-02-04 21:19:11,720 - mmcls - INFO - Saving checkpoint at 38 epochs
2023-02-04 21:19:12,847 - mmcls - INFO - Epoch(val) [38][18]	accuracy_top-1: 96.8531, accuracy_top-5: 100.0000
2023-02-04 21:19:22,612 - mmcls - INFO - Saving checkpoint at 39 epochs
2023-02-04 21:19:23,796 - mmcls - INFO - Epoch(val) [39][18]	accuracy_top-1: 97.5525, accuracy_top-5: 100.0000
2023-02-04 21:19:33,582 - mmcls - INFO - Saving checkpoint at 40 epochs
2023-02-04 21:19:34,785 - mmcls - INFO - Epoch(val) [40][18]	accuracy_top-1: 96.6783, accuracy_top-5: 100.0000
2023-02-04 21:19:44,598 - mmcls - INFO - Saving checkpoint at 41 epochs
2023-02-04 21:19:45,921 - mmcls - INFO - Epoch(val) [41][18]	accuracy_top-1: 96.6783, accuracy_top-5: 100.0000
2023-02-04 21:19:55,630 - mmcls - INFO - Saving checkpoint at 42 epochs
2023-02-04 21:19:56,803 - mmcls - INFO - Epoch(val) [42][18]	accuracy_top-1: 97.7273, accuracy_top-5: 100.0000
2023-02-04 21:20:06,620 - mmcls - INFO - Saving checkpoint at 43 epochs
2023-02-04 21:20:08,001 - mmcls - INFO - Epoch(val) [43][18]	accuracy_top-1: 96.8531, accuracy_top-5: 100.0000
2023-02-04 21:20:17,789 - mmcls - INFO - Saving checkpoint at 44 epochs
2023-02-04 21:20:19,037 - mmcls - INFO - Epoch(val) [44][18]	accuracy_top-1: 96.8531, accuracy_top-5: 100.0000
2023-02-04 21:20:28,843 - mmcls - INFO - Saving checkpoint at 45 epochs
2023-02-04 21:20:30,040 - mmcls - INFO - Epoch(val) [45][18]	accuracy_top-1: 97.7273, accuracy_top-5: 100.0000
2023-02-04 21:20:39,780 - mmcls - INFO - Saving checkpoint at 46 epochs
2023-02-04 21:20:40,970 - mmcls - INFO - Epoch(val) [46][18]	accuracy_top-1: 97.5525, accuracy_top-5: 100.0000
2023-02-04 21:20:50,779 - mmcls - INFO - Saving checkpoint at 47 epochs
2023-02-04 21:20:51,985 - mmcls - INFO - Epoch(val) [47][18]	accuracy_top-1: 96.5035, accuracy_top-5: 100.0000
2023-02-04 21:21:01,804 - mmcls - INFO - Saving checkpoint at 48 epochs
2023-02-04 21:21:03,207 - mmcls - INFO - Epoch(val) [48][18]	accuracy_top-1: 96.8531, accuracy_top-5: 100.0000
2023-02-04 21:21:13,028 - mmcls - INFO - Saving checkpoint at 49 epochs
2023-02-04 21:21:14,783 - mmcls - INFO - Epoch(val) [49][18]	accuracy_top-1: 97.3776, accuracy_top-5: 100.0000
2023-02-04 21:21:24,640 - mmcls - INFO - Saving checkpoint at 50 epochs
2023-02-04 21:21:26,246 - mmcls - INFO - Epoch(val) [50][18]	accuracy_top-1: 96.8531, accuracy_top-5: 100.0000
2023-02-04 21:21:36,063 - mmcls - INFO - Saving checkpoint at 51 epochs
2023-02-04 21:21:37,416 - mmcls - INFO - Epoch(val) [51][18]	accuracy_top-1: 97.7273, accuracy_top-5: 100.0000
2023-02-04 21:21:47,207 - mmcls - INFO - Saving checkpoint at 52 epochs
2023-02-04 21:21:48,349 - mmcls - INFO - Epoch(val) [52][18]	accuracy_top-1: 97.7273, accuracy_top-5: 100.0000
2023-02-04 21:21:58,154 - mmcls - INFO - Saving checkpoint at 53 epochs
2023-02-04 21:21:59,332 - mmcls - INFO - Epoch(val) [53][18]	accuracy_top-1: 97.7273, accuracy_top-5: 100.0000
2023-02-04 21:22:09,126 - mmcls - INFO - Saving checkpoint at 54 epochs
2023-02-04 21:22:10,362 - mmcls - INFO - Epoch(val) [54][18]	accuracy_top-1: 98.0769, accuracy_top-5: 100.0000
2023-02-04 21:22:20,141 - mmcls - INFO - Saving checkpoint at 55 epochs
2023-02-04 21:22:21,258 - mmcls - INFO - Epoch(val) [55][18]	accuracy_top-1: 97.5525, accuracy_top-5: 100.0000
2023-02-04 21:22:30,961 - mmcls - INFO - Saving checkpoint at 56 epochs
2023-02-04 21:22:32,161 - mmcls - INFO - Epoch(val) [56][18]	accuracy_top-1: 97.7273, accuracy_top-5: 100.0000
2023-02-04 21:22:41,918 - mmcls - INFO - Saving checkpoint at 57 epochs
2023-02-04 21:22:43,047 - mmcls - INFO - Epoch(val) [57][18]	accuracy_top-1: 97.7273, accuracy_top-5: 100.0000
2023-02-04 21:22:52,876 - mmcls - INFO - Saving checkpoint at 58 epochs
2023-02-04 21:22:53,998 - mmcls - INFO - Epoch(val) [58][18]	accuracy_top-1: 98.0769, accuracy_top-5: 100.0000
2023-02-04 21:23:03,733 - mmcls - INFO - Saving checkpoint at 59 epochs
2023-02-04 21:23:04,884 - mmcls - INFO - Epoch(val) [59][18]	accuracy_top-1: 97.7273, accuracy_top-5: 100.0000
2023-02-04 21:23:14,690 - mmcls - INFO - Saving checkpoint at 60 epochs
2023-02-04 21:23:15,866 - mmcls - INFO - Epoch(val) [60][18]	accuracy_top-1: 97.0280, accuracy_top-5: 100.0000
2023-02-04 21:23:25,659 - mmcls - INFO - Saving checkpoint at 61 epochs
2023-02-04 21:23:26,847 - mmcls - INFO - Epoch(val) [61][18]	accuracy_top-1: 98.0769, accuracy_top-5: 100.0000
2023-02-04 21:23:36,694 - mmcls - INFO - Saving checkpoint at 62 epochs
2023-02-04 21:23:37,851 - mmcls - INFO - Epoch(val) [62][18]	accuracy_top-1: 97.0280, accuracy_top-5: 100.0000
2023-02-04 21:23:47,678 - mmcls - INFO - Saving checkpoint at 63 epochs
2023-02-04 21:23:48,891 - mmcls - INFO - Epoch(val) [63][18]	accuracy_top-1: 97.3776, accuracy_top-5: 100.0000
2023-02-04 21:23:58,737 - mmcls - INFO - Saving checkpoint at 64 epochs
2023-02-04 21:23:59,993 - mmcls - INFO - Epoch(val) [64][18]	accuracy_top-1: 97.3776, accuracy_top-5: 100.0000
2023-02-04 21:24:09,733 - mmcls - INFO - Saving checkpoint at 65 epochs
2023-02-04 21:24:10,978 - mmcls - INFO - Epoch(val) [65][18]	accuracy_top-1: 97.5525, accuracy_top-5: 100.0000
2023-02-04 21:24:20,710 - mmcls - INFO - Saving checkpoint at 66 epochs
2023-02-04 21:24:21,944 - mmcls - INFO - Epoch(val) [66][18]	accuracy_top-1: 98.2517, accuracy_top-5: 100.0000
2023-02-04 21:24:31,685 - mmcls - INFO - Saving checkpoint at 67 epochs
2023-02-04 21:24:32,932 - mmcls - INFO - Epoch(val) [67][18]	accuracy_top-1: 97.9021, accuracy_top-5: 100.0000
2023-02-04 21:24:42,708 - mmcls - INFO - Saving checkpoint at 68 epochs
2023-02-04 21:24:43,868 - mmcls - INFO - Epoch(val) [68][18]	accuracy_top-1: 98.2517, accuracy_top-5: 100.0000
2023-02-04 21:24:53,596 - mmcls - INFO - Saving checkpoint at 69 epochs
2023-02-04 21:24:54,740 - mmcls - INFO - Epoch(val) [69][18]	accuracy_top-1: 97.7273, accuracy_top-5: 100.0000
2023-02-04 21:25:04,472 - mmcls - INFO - Saving checkpoint at 70 epochs
2023-02-04 21:25:05,630 - mmcls - INFO - Epoch(val) [70][18]	accuracy_top-1: 98.0769, accuracy_top-5: 100.0000
2023-02-04 21:25:15,300 - mmcls - INFO - Saving checkpoint at 71 epochs
2023-02-04 21:25:16,495 - mmcls - INFO - Epoch(val) [71][18]	accuracy_top-1: 97.9021, accuracy_top-5: 100.0000
2023-02-04 21:25:26,222 - mmcls - INFO - Saving checkpoint at 72 epochs
2023-02-04 21:25:27,414 - mmcls - INFO - Epoch(val) [72][18]	accuracy_top-1: 97.9021, accuracy_top-5: 100.0000
2023-02-04 21:25:37,200 - mmcls - INFO - Saving checkpoint at 73 epochs
2023-02-04 21:25:38,398 - mmcls - INFO - Epoch(val) [73][18]	accuracy_top-1: 98.0769, accuracy_top-5: 100.0000
2023-02-04 21:25:48,170 - mmcls - INFO - Saving checkpoint at 74 epochs
2023-02-04 21:25:49,310 - mmcls - INFO - Epoch(val) [74][18]	accuracy_top-1: 98.0769, accuracy_top-5: 100.0000
2023-02-04 21:25:59,093 - mmcls - INFO - Saving checkpoint at 75 epochs
2023-02-04 21:26:00,218 - mmcls - INFO - Epoch(val) [75][18]	accuracy_top-1: 98.0769, accuracy_top-5: 100.0000
2023-02-04 21:26:09,987 - mmcls - INFO - Saving checkpoint at 76 epochs
2023-02-04 21:26:11,142 - mmcls - INFO - Epoch(val) [76][18]	accuracy_top-1: 98.2517, accuracy_top-5: 100.0000
2023-02-04 21:26:20,865 - mmcls - INFO - Saving checkpoint at 77 epochs
2023-02-04 21:26:22,056 - mmcls - INFO - Epoch(val) [77][18]	accuracy_top-1: 98.0769, accuracy_top-5: 100.0000
2023-02-04 21:26:31,844 - mmcls - INFO - Saving checkpoint at 78 epochs
2023-02-04 21:26:33,055 - mmcls - INFO - Epoch(val) [78][18]	accuracy_top-1: 98.0769, accuracy_top-5: 100.0000
2023-02-04 21:26:42,888 - mmcls - INFO - Saving checkpoint at 79 epochs
2023-02-04 21:26:44,158 - mmcls - INFO - Epoch(val) [79][18]	accuracy_top-1: 97.5525, accuracy_top-5: 100.0000
2023-02-04 21:26:53,848 - mmcls - INFO - Saving checkpoint at 80 epochs
2023-02-04 21:26:55,061 - mmcls - INFO - Epoch(val) [80][18]	accuracy_top-1: 97.9021, accuracy_top-5: 100.0000
2023-02-04 21:27:04,827 - mmcls - INFO - Saving checkpoint at 81 epochs
2023-02-04 21:27:06,000 - mmcls - INFO - Epoch(val) [81][18]	accuracy_top-1: 97.9021, accuracy_top-5: 100.0000
2023-02-04 21:27:15,766 - mmcls - INFO - Saving checkpoint at 82 epochs
2023-02-04 21:27:16,965 - mmcls - INFO - Epoch(val) [82][18]	accuracy_top-1: 97.7273, accuracy_top-5: 100.0000
2023-02-04 21:27:26,739 - mmcls - INFO - Saving checkpoint at 83 epochs
2023-02-04 21:27:27,861 - mmcls - INFO - Epoch(val) [83][18]	accuracy_top-1: 97.3776, accuracy_top-5: 100.0000
2023-02-04 21:27:37,626 - mmcls - INFO - Saving checkpoint at 84 epochs
2023-02-04 21:27:38,787 - mmcls - INFO - Epoch(val) [84][18]	accuracy_top-1: 98.0769, accuracy_top-5: 100.0000
2023-02-04 21:27:48,548 - mmcls - INFO - Saving checkpoint at 85 epochs
2023-02-04 21:27:49,855 - mmcls - INFO - Epoch(val) [85][18]	accuracy_top-1: 97.9021, accuracy_top-5: 100.0000
2023-02-04 21:27:59,684 - mmcls - INFO - Saving checkpoint at 86 epochs
2023-02-04 21:28:00,967 - mmcls - INFO - Epoch(val) [86][18]	accuracy_top-1: 97.9021, accuracy_top-5: 100.0000
2023-02-04 21:28:10,783 - mmcls - INFO - Saving checkpoint at 87 epochs
2023-02-04 21:28:12,161 - mmcls - INFO - Epoch(val) [87][18]	accuracy_top-1: 97.9021, accuracy_top-5: 100.0000
2023-02-04 21:28:21,987 - mmcls - INFO - Saving checkpoint at 88 epochs
2023-02-04 21:28:23,409 - mmcls - INFO - Epoch(val) [88][18]	accuracy_top-1: 97.9021, accuracy_top-5: 100.0000
2023-02-04 21:28:33,169 - mmcls - INFO - Saving checkpoint at 89 epochs
2023-02-04 21:28:34,445 - mmcls - INFO - Epoch(val) [89][18]	accuracy_top-1: 97.5525, accuracy_top-5: 100.0000
2023-02-04 21:28:44,217 - mmcls - INFO - Saving checkpoint at 90 epochs
2023-02-04 21:28:45,430 - mmcls - INFO - Epoch(val) [90][18]	accuracy_top-1: 98.0769, accuracy_top-5: 100.0000
2023-02-04 21:28:55,197 - mmcls - INFO - Saving checkpoint at 91 epochs
2023-02-04 21:28:56,358 - mmcls - INFO - Epoch(val) [91][18]	accuracy_top-1: 97.9021, accuracy_top-5: 100.0000
2023-02-04 21:29:06,108 - mmcls - INFO - Saving checkpoint at 92 epochs
2023-02-04 21:29:07,282 - mmcls - INFO - Epoch(val) [92][18]	accuracy_top-1: 98.2517, accuracy_top-5: 100.0000
2023-02-04 21:29:16,970 - mmcls - INFO - Saving checkpoint at 93 epochs
2023-02-04 21:29:18,151 - mmcls - INFO - Epoch(val) [93][18]	accuracy_top-1: 98.2517, accuracy_top-5: 100.0000
2023-02-04 21:29:27,907 - mmcls - INFO - Saving checkpoint at 94 epochs
2023-02-04 21:29:29,043 - mmcls - INFO - Epoch(val) [94][18]	accuracy_top-1: 98.0769, accuracy_top-5: 100.0000
2023-02-04 21:29:38,775 - mmcls - INFO - Saving checkpoint at 95 epochs
2023-02-04 21:29:39,910 - mmcls - INFO - Epoch(val) [95][18]	accuracy_top-1: 97.7273, accuracy_top-5: 100.0000
2023-02-04 21:29:49,603 - mmcls - INFO - Saving checkpoint at 96 epochs
2023-02-04 21:29:50,718 - mmcls - INFO - Epoch(val) [96][18]	accuracy_top-1: 98.4266, accuracy_top-5: 100.0000
2023-02-04 21:30:00,484 - mmcls - INFO - Saving checkpoint at 97 epochs
2023-02-04 21:30:01,596 - mmcls - INFO - Epoch(val) [97][18]	accuracy_top-1: 97.9021, accuracy_top-5: 100.0000
2023-02-04 21:30:11,328 - mmcls - INFO - Saving checkpoint at 98 epochs
2023-02-04 21:30:12,455 - mmcls - INFO - Epoch(val) [98][18]	accuracy_top-1: 97.5525, accuracy_top-5: 100.0000
2023-02-04 21:30:22,158 - mmcls - INFO - Saving checkpoint at 99 epochs
2023-02-04 21:30:23,325 - mmcls - INFO - Epoch(val) [99][18]	accuracy_top-1: 97.9021, accuracy_top-5: 100.0000
2023-02-04 21:30:32,998 - mmcls - INFO - Saving checkpoint at 100 epochs
2023-02-04 21:30:34,154 - mmcls - INFO - Epoch(val) [100][18]	accuracy_top-1: 98.0769, accuracy_top-5: 100.0000
